<?xml version="1.0" encoding="UTF-8"?>
<!-- Generated by org.testng.reporters.JUnitReportReporter -->
<testsuite hostname="SUBHASHREE" failures="0" tests="3" name="pack.LogInTest" time="28.607" errors="0" timestamp="2026-03-26T18:38:38 IST" skipped="0">
  <testcase classname="pack.LogInTest" name="invalidLoginTest" time="10.822"/>
  <testcase classname="pack.LogInTest" name="emptyFieldTest" time="8.168"/>
  <testcase classname="pack.LogInTest" name="validLoginTest" time="9.617"/>
</testsuite> <!-- pack.LogInTest -->
