<?xml version="1.0" encoding="UTF-8"?>
<!-- Generated by org.testng.reporters.JUnitReportReporter -->
<testsuite hostname="SUBHASHREE" failures="0" tests="3" name="pack.LogInTest" time="26.489" errors="0" timestamp="2026-04-05T21:26:18 IST" skipped="0">
  <testcase classname="pack.LogInTest" name="emptyFieldTest" time="9.577"/>
  <testcase classname="pack.LogInTest" name="validLoginTest" time="6.747"/>
  <testcase classname="pack.LogInTest" name="invalidLoginTest" time="10.165"/>
</testsuite> <!-- pack.LogInTest -->
