<?xml version="1.0" encoding="UTF-8"?>
<!-- Generated by org.testng.reporters.JUnitReportReporter -->
<testsuite hostname="SUBHASHREE" failures="0" tests="3" name="pack.LogInTest" time="27.107" errors="0" timestamp="2026-04-05T20:58:20 IST" skipped="0">
  <testcase classname="pack.LogInTest" name="emptyFieldTest" time="7.609"/>
  <testcase classname="pack.LogInTest" name="invalidLoginTest" time="8.292"/>
  <testcase classname="pack.LogInTest" name="validLoginTest" time="11.206"/>
</testsuite> <!-- pack.LogInTest -->
