<?xml version="1.0" encoding="UTF-8"?>
<!-- Generated by org.testng.reporters.JUnitXMLReporter -->
<testsuite ignored="0" hostname="SUBHASHREE" failures="0" tests="3" name="LoginTests" time="27.144" errors="0" timestamp="2026-04-05T20:58:19 IST">
  <testcase classname="pack.LogInTest" name="emptyFieldTest" time="0.964"/>
  <testcase classname="pack.LogInTest" name="invalidLoginTest" time="1.037"/>
  <testcase classname="pack.LogInTest" name="validLoginTest" time="1.35"/>
</testsuite> <!-- LoginTests -->
