<?xml version="1.0" encoding="UTF-8"?>
<!-- Generated by org.testng.reporters.JUnitXMLReporter -->
<testsuite ignored="0" hostname="SUBHASHREE" failures="0" tests="3" name="LoginTests" time="26.53" errors="0" timestamp="2026-04-05T21:26:18 IST">
  <testcase classname="pack.LogInTest" name="emptyFieldTest" time="1.047"/>
  <testcase classname="pack.LogInTest" name="invalidLoginTest" time="1.164"/>
  <testcase classname="pack.LogInTest" name="validLoginTest" time="0.97"/>
</testsuite> <!-- LoginTests -->
