<?xml version="1.0" encoding="UTF-8"?>
<testng-results ignored="0" total="3" passed="3" failed="0" skipped="0">
  <reporter-output>
  </reporter-output>
  <suite started-at="2026-04-05T21:25:52 IST" name="TestSuite" finished-at="2026-04-05T21:26:18 IST" duration-ms="26530">
    <groups>
    </groups>
    <test started-at="2026-04-05T21:25:52 IST" name="LoginTests" finished-at="2026-04-05T21:26:18 IST" duration-ms="26530">
      <class name="pack.LogInTest">
        <test-method is-config="true" signature="setup()[pri:0, instance:pack.LogInTest@c33b74f]" started-at="2026-04-05T21:25:52 IST" name="setup" finished-at="2026-04-05T21:26:01 IST" duration-ms="8825" status="PASS">
          <reporter-output>
          </reporter-output>
        </test-method> <!-- setup -->
        <test-method signature="emptyFieldTest()[pri:0, instance:pack.LogInTest@c33b74f]" started-at="2026-04-05T21:26:01 IST" name="emptyFieldTest" finished-at="2026-04-05T21:26:02 IST" duration-ms="1047" status="PASS">
          <reporter-output>
          </reporter-output>
        </test-method> <!-- emptyFieldTest -->
        <test-method is-config="true" signature="tearDown()[pri:0, instance:pack.LogInTest@c33b74f]" started-at="2026-04-05T21:26:02 IST" name="tearDown" finished-at="2026-04-05T21:26:02 IST" duration-ms="207" status="PASS">
          <reporter-output>
          </reporter-output>
        </test-method> <!-- tearDown -->
        <test-method is-config="true" signature="setup()[pri:0, instance:pack.LogInTest@c33b74f]" started-at="2026-04-05T21:26:02 IST" name="setup" finished-at="2026-04-05T21:26:07 IST" duration-ms="5627" status="PASS">
          <reporter-output>
          </reporter-output>
        </test-method> <!-- setup -->
        <test-method signature="invalidLoginTest()[pri:0, instance:pack.LogInTest@c33b74f]" started-at="2026-04-05T21:26:07 IST" name="invalidLoginTest" finished-at="2026-04-05T21:26:09 IST" duration-ms="1164" status="PASS">
          <reporter-output>
          </reporter-output>
        </test-method> <!-- invalidLoginTest -->
        <test-method is-config="true" signature="tearDown()[pri:0, instance:pack.LogInTest@c33b74f]" started-at="2026-04-05T21:26:09 IST" name="tearDown" finished-at="2026-04-05T21:26:09 IST" duration-ms="176" status="PASS">
          <reporter-output>
          </reporter-output>
        </test-method> <!-- tearDown -->
        <test-method is-config="true" signature="setup()[pri:0, instance:pack.LogInTest@c33b74f]" started-at="2026-04-05T21:26:09 IST" name="setup" finished-at="2026-04-05T21:26:17 IST" duration-ms="8323" status="PASS">
          <reporter-output>
          </reporter-output>
        </test-method> <!-- setup -->
        <test-method signature="validLoginTest()[pri:0, instance:pack.LogInTest@c33b74f]" started-at="2026-04-05T21:26:17 IST" name="validLoginTest" finished-at="2026-04-05T21:26:18 IST" duration-ms="970" status="PASS">
          <reporter-output>
          </reporter-output>
        </test-method> <!-- validLoginTest -->
        <test-method is-config="true" signature="tearDown()[pri:0, instance:pack.LogInTest@c33b74f]" started-at="2026-04-05T21:26:18 IST" name="tearDown" finished-at="2026-04-05T21:26:18 IST" duration-ms="150" status="PASS">
          <reporter-output>
          </reporter-output>
        </test-method> <!-- tearDown -->
      </class> <!-- pack.LogInTest -->
    </test> <!-- LoginTests -->
  </suite> <!-- TestSuite -->
</testng-results>
