<?xml version="1.0" encoding="UTF-8"?>
<testng-results ignored="0" total="3" passed="3" failed="0" skipped="0">
  <reporter-output>
  </reporter-output>
  <suite started-at="2026-04-05T20:57:52 IST" name="TestSuite" finished-at="2026-04-05T20:58:19 IST" duration-ms="27144">
    <groups>
    </groups>
    <test started-at="2026-04-05T20:57:52 IST" name="LoginTests" finished-at="2026-04-05T20:58:19 IST" duration-ms="27144">
      <class name="pack.LogInTest">
        <test-method is-config="true" signature="setup()[pri:0, instance:pack.LogInTest@c33b74f]" started-at="2026-04-05T20:57:52 IST" name="setup" finished-at="2026-04-05T20:58:02 IST" duration-ms="9625" status="PASS">
          <reporter-output>
          </reporter-output>
        </test-method> <!-- setup -->
        <test-method signature="emptyFieldTest()[pri:0, instance:pack.LogInTest@c33b74f]" started-at="2026-04-05T20:58:02 IST" name="emptyFieldTest" finished-at="2026-04-05T20:58:03 IST" duration-ms="964" status="PASS">
          <reporter-output>
          </reporter-output>
        </test-method> <!-- emptyFieldTest -->
        <test-method is-config="true" signature="tearDown()[pri:0, instance:pack.LogInTest@c33b74f]" started-at="2026-04-05T20:58:03 IST" name="tearDown" finished-at="2026-04-05T20:58:03 IST" duration-ms="146" status="PASS">
          <reporter-output>
          </reporter-output>
        </test-method> <!-- tearDown -->
        <test-method is-config="true" signature="setup()[pri:0, instance:pack.LogInTest@c33b74f]" started-at="2026-04-05T20:58:03 IST" name="setup" finished-at="2026-04-05T20:58:10 IST" duration-ms="7109" status="PASS">
          <reporter-output>
          </reporter-output>
        </test-method> <!-- setup -->
        <test-method signature="invalidLoginTest()[pri:0, instance:pack.LogInTest@c33b74f]" started-at="2026-04-05T20:58:10 IST" name="invalidLoginTest" finished-at="2026-04-05T20:58:11 IST" duration-ms="1037" status="PASS">
          <reporter-output>
          </reporter-output>
        </test-method> <!-- invalidLoginTest -->
        <test-method is-config="true" signature="tearDown()[pri:0, instance:pack.LogInTest@c33b74f]" started-at="2026-04-05T20:58:11 IST" name="tearDown" finished-at="2026-04-05T20:58:11 IST" duration-ms="147" status="PASS">
          <reporter-output>
          </reporter-output>
        </test-method> <!-- tearDown -->
        <test-method is-config="true" signature="setup()[pri:0, instance:pack.LogInTest@c33b74f]" started-at="2026-04-05T20:58:11 IST" name="setup" finished-at="2026-04-05T20:58:18 IST" duration-ms="6498" status="PASS">
          <reporter-output>
          </reporter-output>
        </test-method> <!-- setup -->
        <test-method signature="validLoginTest()[pri:0, instance:pack.LogInTest@c33b74f]" started-at="2026-04-05T20:58:18 IST" name="validLoginTest" finished-at="2026-04-05T20:58:19 IST" duration-ms="1350" status="PASS">
          <reporter-output>
          </reporter-output>
        </test-method> <!-- validLoginTest -->
        <test-method is-config="true" signature="tearDown()[pri:0, instance:pack.LogInTest@c33b74f]" started-at="2026-04-05T20:58:19 IST" name="tearDown" finished-at="2026-04-05T20:58:19 IST" duration-ms="231" status="PASS">
          <reporter-output>
          </reporter-output>
        </test-method> <!-- tearDown -->
      </class> <!-- pack.LogInTest -->
    </test> <!-- LoginTests -->
  </suite> <!-- TestSuite -->
</testng-results>
