<?xml version="1.0" encoding="UTF-8"?>
<!-- Generated by org.testng.reporters.JUnitXMLReporter -->
<testsuite ignored="0" hostname="SUBHASHREE" failures="0" tests="3" name="Default test" time="28.65" errors="0" timestamp="2026-03-26T18:38:38 IST">
  <testcase classname="pack.LogInTest" name="emptyFieldTest" time="1.247"/>
  <testcase classname="pack.LogInTest" name="invalidLoginTest" time="1.358"/>
  <testcase classname="pack.LogInTest" name="validLoginTest" time="1.182"/>
</testsuite> <!-- Default test -->
