<?xml version="1.0" encoding="UTF-8"?>
<testng-results ignored="0" total="3" passed="3" failed="0" skipped="0">
  <reporter-output>
  </reporter-output>
  <suite started-at="2026-03-26T18:38:10 IST" name="Default suite" finished-at="2026-03-26T18:38:38 IST" duration-ms="28650">
    <groups>
    </groups>
    <test started-at="2026-03-26T18:38:10 IST" name="Default test" finished-at="2026-03-26T18:38:38 IST" duration-ms="28650">
      <class name="pack.LogInTest">
        <test-method is-config="true" signature="setup()[pri:0, instance:pack.LogInTest@9225652]" started-at="2026-03-26T18:38:10 IST" name="setup" finished-at="2026-03-26T18:38:18 IST" duration-ms="8162" status="PASS">
          <reporter-output>
          </reporter-output>
        </test-method> <!-- setup -->
        <test-method signature="emptyFieldTest()[pri:0, instance:pack.LogInTest@9225652]" started-at="2026-03-26T18:38:18 IST" name="emptyFieldTest" finished-at="2026-03-26T18:38:19 IST" duration-ms="1247" status="PASS">
          <reporter-output>
          </reporter-output>
        </test-method> <!-- emptyFieldTest -->
        <test-method is-config="true" signature="tearDown()[pri:0, instance:pack.LogInTest@9225652]" started-at="2026-03-26T18:38:19 IST" name="tearDown" finished-at="2026-03-26T18:38:19 IST" duration-ms="273" status="PASS">
          <reporter-output>
          </reporter-output>
        </test-method> <!-- tearDown -->
        <test-method is-config="true" signature="setup()[pri:0, instance:pack.LogInTest@9225652]" started-at="2026-03-26T18:38:19 IST" name="setup" finished-at="2026-03-26T18:38:26 IST" duration-ms="6746" status="PASS">
          <reporter-output>
          </reporter-output>
        </test-method> <!-- setup -->
        <test-method signature="invalidLoginTest()[pri:0, instance:pack.LogInTest@9225652]" started-at="2026-03-26T18:38:26 IST" name="invalidLoginTest" finished-at="2026-03-26T18:38:27 IST" duration-ms="1358" status="PASS">
          <reporter-output>
          </reporter-output>
        </test-method> <!-- invalidLoginTest -->
        <test-method is-config="true" signature="tearDown()[pri:0, instance:pack.LogInTest@9225652]" started-at="2026-03-26T18:38:27 IST" name="tearDown" finished-at="2026-03-26T18:38:28 IST" duration-ms="168" status="PASS">
          <reporter-output>
          </reporter-output>
        </test-method> <!-- tearDown -->
        <test-method is-config="true" signature="setup()[pri:0, instance:pack.LogInTest@9225652]" started-at="2026-03-26T18:38:28 IST" name="setup" finished-at="2026-03-26T18:38:37 IST" duration-ms="9296" status="PASS">
          <reporter-output>
          </reporter-output>
        </test-method> <!-- setup -->
        <test-method signature="validLoginTest()[pri:0, instance:pack.LogInTest@9225652]" started-at="2026-03-26T18:38:37 IST" name="validLoginTest" finished-at="2026-03-26T18:38:38 IST" duration-ms="1182" status="PASS">
          <reporter-output>
          </reporter-output>
        </test-method> <!-- validLoginTest -->
        <test-method is-config="true" signature="tearDown()[pri:0, instance:pack.LogInTest@9225652]" started-at="2026-03-26T18:38:38 IST" name="tearDown" finished-at="2026-03-26T18:38:38 IST" duration-ms="175" status="PASS">
          <reporter-output>
          </reporter-output>
        </test-method> <!-- tearDown -->
      </class> <!-- pack.LogInTest -->
    </test> <!-- Default test -->
  </suite> <!-- Default suite -->
</testng-results>
